<?xml version="1.0" encoding="UTF-8"?>
<!-- Generated by org.testng.reporters.JUnitReportReporter -->
<testsuite hostname="Utkarsha" failures="0" tests="5" name="com.test.Demo.ExchangRate_API_Test" time="3.944" errors="0" timestamp="2024-05-21T18:54:24 IST" skipped="0">
  <testcase classname="com.test.Demo.ExchangRate_API_Test" name="testUSDPriceAgainstAED" time="0.201"/>
  <system-out/>
  <testcase classname="com.test.Demo.ExchangRate_API_Test" name="testJSONSchema" time="0.651"/>
  <system-out/>
  <testcase classname="com.test.Demo.ExchangRate_API_Test" name="testAPIStatusCode" time="0.248"/>
  <system-out/>
  <testcase classname="com.test.Demo.ExchangRate_API_Test" name="testResponseTime" time="0.223"/>
  <system-out/>
  <testcase classname="com.test.Demo.ExchangRate_API_Test" name="testOneSixtyTwoCurrencyPairs" time="2.621"/>
  <system-out/>
</testsuite> <!-- com.test.Demo.ExchangRate_API_Test -->
